<testsuites id="" name="" tests="99" failures="83" skipped="0" errors="0" time="345.641752">
<testsuite name="auth-redirect-integration.spec.ts" timestamp="2026-05-30T17:30:01.502Z" hostname="chromium" tests="11" failures="8" skipped="0" time="123.402" errors="0">
<testcase name="Authentication Redirect Integration Tests › Student Authentication Redirects › should save intended destination and redirect after login" classname="auth-redirect-integration.spec.ts" time="21.835">
<failure message="auth-redirect-integration.spec.ts:26:5 should save intended destination and redirect after login" type="FAILURE">
<![CDATA[  [chromium] › auth-redirect-integration.spec.ts:26:5 › Authentication Redirect Integration Tests › Student Authentication Redirects › should save intended destination and redirect after login › Login and verify redirect 

    TimeoutError: locator.waitFor: Timeout 10000ms exceeded.
    Call log:
      - waiting for getByLabel('Student Email', { exact: true }) to be visible


       at utils\test-locators.ts:240

      238 |    */
      239 |   async safeFill(locator: Locator, value: string, timeout: number = 10000): Promise<void> {
    > 240 |     await locator.waitFor({ state: 'visible', timeout });
          |                   ^
      241 |     await locator.scrollIntoViewIfNeeded();
      242 |     await locator.clear();
      243 |     await locator.fill(value);
        at StudentAuthPage.safeFill (D:\code\GitHub\Personal\BAS-Web\BAS\tests\utils\test-locators.ts:240:19)
        at D:\code\GitHub\Personal\BAS-Web\BAS\tests\auth-redirect-integration.spec.ts:42:27
        at D:\code\GitHub\Personal\BAS-Web\BAS\tests\auth-redirect-integration.spec.ts:40:18

    attachment #1: screenshot (image/png) ──────────────────────────────────────────────────────────
    ..\test-results\auth-redirect-integration--5f214-on-and-redirect-after-login-chromium\test-failed-1.png
    ────────────────────────────────────────────────────────────────────────────────────────────────

    attachment #2: video (video/webm) ──────────────────────────────────────────────────────────────
    ..\test-results\auth-redirect-integration--5f214-on-and-redirect-after-login-chromium\video.webm
    ────────────────────────────────────────────────────────────────────────────────────────────────

    Error Context: ..\test-results\auth-redirect-integration--5f214-on-and-redirect-after-login-chromium\error-context.md
]]>
</failure>
<system-out>
<![CDATA[
[[ATTACHMENT|test-results\auth-redirect-integration--5f214-on-and-redirect-after-login-chromium\test-failed-1.png]]

[[ATTACHMENT|test-results\auth-redirect-integration--5f214-on-and-redirect-after-login-chromium\video.webm]]

[[ATTACHMENT|test-results\auth-redirect-integration--5f214-on-and-redirect-after-login-chromium\error-context.md]]
]]>
</system-out>
</testcase>
<testcase name="Authentication Redirect Integration Tests › Student Authentication Redirects › should show return URL display on login page" classname="auth-redirect-integration.spec.ts" time="14.932">
<failure message="auth-redirect-integration.spec.ts:54:5 should show return URL display on login page" type="FAILURE">
<![CDATA[  [chromium] › auth-redirect-integration.spec.ts:54:5 › Authentication Redirect Integration Tests › Student Authentication Redirects › should show return URL display on login page › Verify return URL display 

    Error: expect(locator).toBeVisible() failed

    Locator: locator('.return-url-info')
    Expected: visible
    Timeout: 5000ms
    Error: element(s) not found

    Call log:
      - Expect "toBeVisible" with timeout 5000ms
      - waiting for locator('.return-url-info')


      61 |         // Check if return URL info is displayed
      62 |         const returnUrlInfo = page.locator('.return-url-info');
    > 63 |         await expect(returnUrlInfo).toBeVisible();
         |                                     ^
      64 |         
      65 |         // Check return URL text
      66 |         const returnUrlPath = page.locator('.return-url-path');
        at D:\code\GitHub\Personal\BAS-Web\BAS\tests\auth-redirect-integration.spec.ts:63:37
        at D:\code\GitHub\Personal\BAS-Web\BAS\tests\auth-redirect-integration.spec.ts:60:18

    attachment #1: screenshot (image/png) ──────────────────────────────────────────────────────────
    ..\test-results\auth-redirect-integration--cf6cf-n-URL-display-on-login-page-chromium\test-failed-1.png
    ────────────────────────────────────────────────────────────────────────────────────────────────

    attachment #2: video (video/webm) ──────────────────────────────────────────────────────────────
    ..\test-results\auth-redirect-integration--cf6cf-n-URL-display-on-login-page-chromium\video.webm
    ────────────────────────────────────────────────────────────────────────────────────────────────

    Error Context: ..\test-results\auth-redirect-integration--cf6cf-n-URL-display-on-login-page-chromium\error-context.md
]]>
</failure>
<system-out>
<![CDATA[
[[ATTACHMENT|test-results\auth-redirect-integration--cf6cf-n-URL-display-on-login-page-chromium\test-failed-1.png]]

[[ATTACHMENT|test-results\auth-redirect-integration--cf6cf-n-URL-display-on-login-page-chromium\video.webm]]

[[ATTACHMENT|test-results\auth-redirect-integration--cf6cf-n-URL-display-on-login-page-chromium\error-context.md]]
]]>
</system-out>
</testcase>
<testcase name="Authentication Redirect Integration Tests › Student Authentication Redirects › should handle multiple redirect attempts correctly" classname="auth-redirect-integration.spec.ts" time="15.381">
<failure message="auth-redirect-integration.spec.ts:75:5 should handle multiple redirect attempts correctly" type="FAILURE">
<![CDATA[  [chromium] › auth-redirect-integration.spec.ts:75:5 › Authentication Redirect Integration Tests › Student Authentication Redirects › should handle multiple redirect attempts correctly › Second redirect attempt without login 

    Error: expect(locator).toContainText(expected) failed

    Locator: locator('.return-url-path')
    Expected substring: "/student-homepage/reports"
    Timeout: 5000ms
    Error: element(s) not found

    Call log:
      - Expect "toContainText" with timeout 5000ms
      - waiting for locator('.return-url-path')


      85 |         // Should update to latest intended destination
      86 |         const returnUrlPath = page.locator('.return-url-path');
    > 87 |         await expect(returnUrlPath).toContainText('/student-homepage/reports');
         |                                     ^
      88 |       });
      89 |     });
      90 |   });
        at D:\code\GitHub\Personal\BAS-Web\BAS\tests\auth-redirect-integration.spec.ts:87:37
        at D:\code\GitHub\Personal\BAS-Web\BAS\tests\auth-redirect-integration.spec.ts:81:7

    attachment #1: screenshot (image/png) ──────────────────────────────────────────────────────────
    ..\test-results\auth-redirect-integration--685a2-redirect-attempts-correctly-chromium\test-failed-1.png
    ────────────────────────────────────────────────────────────────────────────────────────────────

    attachment #2: video (video/webm) ──────────────────────────────────────────────────────────────
    ..\test-results\auth-redirect-integration--685a2-redirect-attempts-correctly-chromium\video.webm
    ────────────────────────────────────────────────────────────────────────────────────────────────

    Error Context: ..\test-results\auth-redirect-integration--685a2-redirect-attempts-correctly-chromium\error-context.md
]]>
</failure>
<system-out>
<![CDATA[
[[ATTACHMENT|test-results\auth-redirect-integration--685a2-redirect-attempts-correctly-chromium\test-failed-1.png]]

[[ATTACHMENT|test-results\auth-redirect-integration--685a2-redirect-attempts-correctly-chromium\video.webm]]

[[ATTACHMENT|test-results\auth-redirect-integration--685a2-redirect-attempts-correctly-chromium\error-context.md]]
]]>
</system-out>
</testcase>
<testcase name="Authentication Redirect Integration Tests › Lecturer Authentication Redirects › should save intended destination and redirect after login" classname="auth-redirect-integration.spec.ts" time="21.561">
<failure message="auth-redirect-integration.spec.ts:93:5 should save intended destination and redirect after login" type="FAILURE">
<![CDATA[  [chromium] › auth-redirect-integration.spec.ts:93:5 › Authentication Redirect Integration Tests › Lecturer Authentication Redirects › should save intended destination and redirect after login › Login and verify redirect 

    TimeoutError: locator.waitFor: Timeout 10000ms exceeded.
    Call log:
      - waiting for getByLabel('Staff Email', { exact: true }) to be visible


       at utils\test-locators.ts:240

      238 |    */
      239 |   async safeFill(locator: Locator, value: string, timeout: number = 10000): Promise<void> {
    > 240 |     await locator.waitFor({ state: 'visible', timeout });
          |                   ^
      241 |     await locator.scrollIntoViewIfNeeded();
      242 |     await locator.clear();
      243 |     await locator.fill(value);
        at LecturerAuthPage.safeFill (D:\code\GitHub\Personal\BAS-Web\BAS\tests\utils\test-locators.ts:240:19)
        at D:\code\GitHub\Personal\BAS-Web\BAS\tests\auth-redirect-integration.spec.ts:109:28
        at D:\code\GitHub\Personal\BAS-Web\BAS\tests\auth-redirect-integration.spec.ts:107:18

    attachment #1: screenshot (image/png) ──────────────────────────────────────────────────────────
    ..\test-results\auth-redirect-integration--2d14e-on-and-redirect-after-login-chromium\test-failed-1.png
    ────────────────────────────────────────────────────────────────────────────────────────────────

    attachment #2: video (video/webm) ──────────────────────────────────────────────────────────────
    ..\test-results\auth-redirect-integration--2d14e-on-and-redirect-after-login-chromium\video.webm
    ────────────────────────────────────────────────────────────────────────────────────────────────

    Error Context: ..\test-results\auth-redirect-integration--2d14e-on-and-redirect-after-login-chromium\error-context.md
]]>
</failure>
<system-out>
<![CDATA[
[[ATTACHMENT|test-results\auth-redirect-integration--2d14e-on-and-redirect-after-login-chromium\test-failed-1.png]]

[[ATTACHMENT|test-results\auth-redirect-integration--2d14e-on-and-redirect-after-login-chromium\video.webm]]

[[ATTACHMENT|test-results\auth-redirect-integration--2d14e-on-and-redirect-after-login-chromium\error-context.md]]
]]>
</system-out>
</testcase>
<testcase name="Authentication Redirect Integration Tests › Lecturer Authentication Redirects › should show return URL display on lecturer login page" classname="auth-redirect-integration.spec.ts" time="8.067">
<failure message="auth-redirect-integration.spec.ts:121:5 should show return URL display on lecturer login page" type="FAILURE">
<![CDATA[  [chromium] › auth-redirect-integration.spec.ts:121:5 › Authentication Redirect Integration Tests › Lecturer Authentication Redirects › should show return URL display on lecturer login page › Verify return URL display 

    Error: expect(locator).toBeVisible() failed

    Locator: locator('.return-url-info')
    Expected: visible
    Timeout: 5000ms
    Error: element(s) not found

    Call log:
      - Expect "toBeVisible" with timeout 5000ms
      - waiting for locator('.return-url-info')


      128 |         // Check if return URL info is displayed
      129 |         const returnUrlInfo = page.locator('.return-url-info');
    > 130 |         await expect(returnUrlInfo).toBeVisible();
          |                                     ^
      131 |         
      132 |         // Check return URL text
      133 |         const returnUrlPath = page.locator('.return-url-path');
        at D:\code\GitHub\Personal\BAS-Web\BAS\tests\auth-redirect-integration.spec.ts:130:37
        at D:\code\GitHub\Personal\BAS-Web\BAS\tests\auth-redirect-integration.spec.ts:127:18

    attachment #1: screenshot (image/png) ──────────────────────────────────────────────────────────
    ..\test-results\auth-redirect-integration--bb902-play-on-lecturer-login-page-chromium\test-failed-1.png
    ────────────────────────────────────────────────────────────────────────────────────────────────

    attachment #2: video (video/webm) ──────────────────────────────────────────────────────────────
    ..\test-results\auth-redirect-integration--bb902-play-on-lecturer-login-page-chromium\video.webm
    ────────────────────────────────────────────────────────────────────────────────────────────────

    Error Context: ..\test-results\auth-redirect-integration--bb902-play-on-lecturer-login-page-chromium\error-context.md
]]>
</failure>
<system-out>
<![CDATA[
[[ATTACHMENT|test-results\auth-redirect-integration--bb902-play-on-lecturer-login-page-chromium\test-failed-1.png]]

[[ATTACHMENT|test-results\auth-redirect-integration--bb902-play-on-lecturer-login-page-chromium\video.webm]]

[[ATTACHMENT|test-results\auth-redirect-integration--bb902-play-on-lecturer-login-page-chromium\error-context.md]]
]]>
</system-out>
</testcase>
<testcase name="Authentication Redirect Integration Tests › Cross-Role Redirects › should redirect to correct login based on route" classname="auth-redirect-integration.spec.ts" time="3.609">
</testcase>
<testcase name="Authentication Redirect Integration Tests › Session Storage Persistence › should persist redirect data across page reloads" classname="auth-redirect-integration.spec.ts" time="8.157">
<failure message="auth-redirect-integration.spec.ts:165:5 should persist redirect data across page reloads" type="FAILURE">
<![CDATA[  [chromium] › auth-redirect-integration.spec.ts:165:5 › Authentication Redirect Integration Tests › Session Storage Persistence › should persist redirect data across page reloads › Set up redirect scenario 

    Error: expect(locator).toContainText(expected) failed

    Locator: locator('.return-url-path')
    Expected substring: "/student-homepage/courses/advanced-math"
    Timeout: 5000ms
    Error: element(s) not found

    Call log:
      - Expect "toContainText" with timeout 5000ms
      - waiting for locator('.return-url-path')


      170 |         // Verify return URL is stored
      171 |         const returnUrlPath = page.locator('.return-url-path');
    > 172 |         await expect(returnUrlPath).toContainText('/student-homepage/courses/advanced-math');
          |                                     ^
      173 |       });
      174 |
      175 |       await test.step('Reload page and verify persistence', async () => {
        at D:\code\GitHub\Personal\BAS-Web\BAS\tests\auth-redirect-integration.spec.ts:172:37
        at D:\code\GitHub\Personal\BAS-Web\BAS\tests\auth-redirect-integration.spec.ts:166:7

    attachment #1: screenshot (image/png) ──────────────────────────────────────────────────────────
    ..\test-results\auth-redirect-integration--730b2-ct-data-across-page-reloads-chromium\test-failed-1.png
    ────────────────────────────────────────────────────────────────────────────────────────────────

    attachment #2: video (video/webm) ──────────────────────────────────────────────────────────────
    ..\test-results\auth-redirect-integration--730b2-ct-data-across-page-reloads-chromium\video.webm
    ────────────────────────────────────────────────────────────────────────────────────────────────

    Error Context: ..\test-results\auth-redirect-integration--730b2-ct-data-across-page-reloads-chromium\error-context.md
]]>
</failure>
<system-out>
<![CDATA[
[[ATTACHMENT|test-results\auth-redirect-integration--730b2-ct-data-across-page-reloads-chromium\test-failed-1.png]]

[[ATTACHMENT|test-results\auth-redirect-integration--730b2-ct-data-across-page-reloads-chromium\video.webm]]

[[ATTACHMENT|test-results\auth-redirect-integration--730b2-ct-data-across-page-reloads-chromium\error-context.md]]
]]>
</system-out>
</testcase>
<testcase name="Authentication Redirect Integration Tests › Session Storage Persistence › should expire redirect data after 30 minutes" classname="auth-redirect-integration.spec.ts" time="3.55">
</testcase>
<testcase name="Authentication Redirect Integration Tests › Edge Cases › should not save login pages as intended destinations" classname="auth-redirect-integration.spec.ts" time="4.349">
</testcase>
<testcase name="Authentication Redirect Integration Tests › Edge Cases › should handle malformed redirect data gracefully" classname="auth-redirect-integration.spec.ts" time="8.738">
<failure message="auth-redirect-integration.spec.ts:240:5 should handle malformed redirect data gracefully" type="FAILURE">
<![CDATA[  [chromium] › auth-redirect-integration.spec.ts:240:5 › Authentication Redirect Integration Tests › Edge Cases › should handle malformed redirect data gracefully › Verify graceful handling 

    Error: expect(locator).toBeVisible() failed

    Locator: getByLabel('Student Email', { exact: true })
    Expected: visible
    Timeout: 5000ms
    Error: element(s) not found

    Call log:
      - Expect "toBeVisible" with timeout 5000ms
      - waiting for getByLabel('Student Email', { exact: true })


      254 |         
      255 |         // Should still be able to use login form
    > 256 |         await expect(studentAuth.studentLoginEmail).toBeVisible();
          |                                                     ^
      257 |         await expect(studentAuth.studentLoginPassword).toBeVisible();
      258 |       });
      259 |     });
        at D:\code\GitHub\Personal\BAS-Web\BAS\tests\auth-redirect-integration.spec.ts:256:53
        at D:\code\GitHub\Personal\BAS-Web\BAS\tests\auth-redirect-integration.spec.ts:250:7

    attachment #1: screenshot (image/png) ──────────────────────────────────────────────────────────
    ..\test-results\auth-redirect-integration--5174f-ed-redirect-data-gracefully-chromium\test-failed-1.png
    ────────────────────────────────────────────────────────────────────────────────────────────────

    attachment #2: video (video/webm) ──────────────────────────────────────────────────────────────
    ..\test-results\auth-redirect-integration--5174f-ed-redirect-data-gracefully-chromium\video.webm
    ────────────────────────────────────────────────────────────────────────────────────────────────

    Error Context: ..\test-results\auth-redirect-integration--5174f-ed-redirect-data-gracefully-chromium\error-context.md
]]>
</failure>
<system-out>
<![CDATA[
[[ATTACHMENT|test-results\auth-redirect-integration--5174f-ed-redirect-data-gracefully-chromium\test-failed-1.png]]

[[ATTACHMENT|test-results\auth-redirect-integration--5174f-ed-redirect-data-gracefully-chromium\video.webm]]

[[ATTACHMENT|test-results\auth-redirect-integration--5174f-ed-redirect-data-gracefully-chromium\error-context.md]]
]]>
</system-out>
</testcase>
<testcase name="Authentication Redirect Integration Tests › Default Redirects › should redirect to role-based default when no intended destination" classname="auth-redirect-integration.spec.ts" time="13.223">
<failure message="auth-redirect-integration.spec.ts:263:5 should redirect to role-based default when no intended destination" type="FAILURE">
<![CDATA[  [chromium] › auth-redirect-integration.spec.ts:263:5 › Authentication Redirect Integration Tests › Default Redirects › should redirect to role-based default when no intended destination › Login directly without intended destination 

    TimeoutError: locator.waitFor: Timeout 10000ms exceeded.
    Call log:
      - waiting for getByLabel('Student Email', { exact: true }) to be visible


       at utils\test-locators.ts:240

      238 |    */
      239 |   async safeFill(locator: Locator, value: string, timeout: number = 10000): Promise<void> {
    > 240 |     await locator.waitFor({ state: 'visible', timeout });
          |                   ^
      241 |     await locator.scrollIntoViewIfNeeded();
      242 |     await locator.clear();
      243 |     await locator.fill(value);
        at StudentAuthPage.safeFill (D:\code\GitHub\Personal\BAS-Web\BAS\tests\utils\test-locators.ts:240:19)
        at D:\code\GitHub\Personal\BAS-Web\BAS\tests\auth-redirect-integration.spec.ts:269:27
        at D:\code\GitHub\Personal\BAS-Web\BAS\tests\auth-redirect-integration.spec.ts:264:7

    attachment #1: screenshot (image/png) ──────────────────────────────────────────────────────────
    ..\test-results\auth-redirect-integration--57b50-hen-no-intended-destination-chromium\test-failed-1.png
    ────────────────────────────────────────────────────────────────────────────────────────────────

    attachment #2: video (video/webm) ──────────────────────────────────────────────────────────────
    ..\test-results\auth-redirect-integration--57b50-hen-no-intended-destination-chromium\video.webm
    ────────────────────────────────────────────────────────────────────────────────────────────────

    Error Context: ..\test-results\auth-redirect-integration--57b50-hen-no-intended-destination-chromium\error-context.md
]]>
</failure>
<system-out>
<![CDATA[
[[ATTACHMENT|test-results\auth-redirect-integration--57b50-hen-no-intended-destination-chromium\test-failed-1.png]]

[[ATTACHMENT|test-results\auth-redirect-integration--57b50-hen-no-intended-destination-chromium\video.webm]]

[[ATTACHMENT|test-results\auth-redirect-integration--57b50-hen-no-intended-destination-chromium\error-context.md]]
]]>
</system-out>
</testcase>
</testsuite>
<testsuite name="barcode-scanning.spec.ts" timestamp="2026-05-30T17:30:01.502Z" hostname="chromium" tests="15" failures="15" skipped="0" time="197.834" errors="0">
<testcase name="Barcode Scanning Feature › Scanner Access &amp; Setup › should access barcode scanner from dashboard" classname="barcode-scanning.spec.ts" time="12.904">
<failure message="barcode-scanning.spec.ts:17:5 should access barcode scanner from dashboard" type="FAILURE">
<![CDATA[  [chromium] › barcode-scanning.spec.ts:17:5 › Barcode Scanning Feature › Scanner Access & Setup › should access barcode scanner from dashboard 

    TimeoutError: locator.waitFor: Timeout 10000ms exceeded.
    Call log:
      - waiting for getByLabel('Staff Email', { exact: true }) to be visible


       at utils\test-locators.ts:240

      238 |    */
      239 |   async safeFill(locator: Locator, value: string, timeout: number = 10000): Promise<void> {
    > 240 |     await locator.waitFor({ state: 'visible', timeout });
          |                   ^
      241 |     await locator.scrollIntoViewIfNeeded();
      242 |     await locator.clear();
      243 |     await locator.fill(value);
        at LecturerAuthPage.safeFill (D:\code\GitHub\Personal\BAS-Web\BAS\tests\utils\test-locators.ts:240:19)
        at LecturerAuthPage.loginAsLecturer (D:\code\GitHub\Personal\BAS-Web\BAS\tests\utils\test-locators.ts:334:16)
        at D:\code\GitHub\Personal\BAS-Web\BAS\tests\barcode-scanning.spec.ts:19:7

    attachment #1: screenshot (image/png) ──────────────────────────────────────────────────────────
    ..\test-results\barcode-scanning-Barcode-S-3d843-code-scanner-from-dashboard-chromium\test-failed-1.png
    ────────────────────────────────────────────────────────────────────────────────────────────────

    attachment #2: video (video/webm) ──────────────────────────────────────────────────────────────
    ..\test-results\barcode-scanning-Barcode-S-3d843-code-scanner-from-dashboard-chromium\video.webm
    ────────────────────────────────────────────────────────────────────────────────────────────────

    Error Context: ..\test-results\barcode-scanning-Barcode-S-3d843-code-scanner-from-dashboard-chromium\error-context.md
]]>
</failure>
<system-out>
<![CDATA[
[[ATTACHMENT|test-results\barcode-scanning-Barcode-S-3d843-code-scanner-from-dashboard-chromium\test-failed-1.png]]

[[ATTACHMENT|test-results\barcode-scanning-Barcode-S-3d843-code-scanner-from-dashboard-chromium\video.webm]]

[[ATTACHMENT|test-results\barcode-scanning-Barcode-S-3d843-code-scanner-from-dashboard-chromium\error-context.md]]
]]>
</system-out>
</testcase>
<testcase name="Barcode Scanning Feature › Scanner Access &amp; Setup › should request camera permissions when opening scanner" classname="barcode-scanning.spec.ts" time="14.418">
<failure message="barcode-scanning.spec.ts:40:5 should request camera permissions when opening scanner" type="FAILURE">
<![CDATA[  [chromium] › barcode-scanning.spec.ts:40:5 › Barcode Scanning Feature › Scanner Access & Setup › should request camera permissions when opening scanner 

    TimeoutError: locator.waitFor: Timeout 10000ms exceeded.
    Call log:
      - waiting for getByLabel('Staff Email', { exact: true }) to be visible


       at utils\test-locators.ts:240

      238 |    */
      239 |   async safeFill(locator: Locator, value: string, timeout: number = 10000): Promise<void> {
    > 240 |     await locator.waitFor({ state: 'visible', timeout });
          |                   ^
      241 |     await locator.scrollIntoViewIfNeeded();
      242 |     await locator.clear();
      243 |     await locator.fill(value);
        at LecturerAuthPage.safeFill (D:\code\GitHub\Personal\BAS-Web\BAS\tests\utils\test-locators.ts:240:19)
        at LecturerAuthPage.loginAsLecturer (D:\code\GitHub\Personal\BAS-Web\BAS\tests\utils\test-locators.ts:334:16)
        at D:\code\GitHub\Personal\BAS-Web\BAS\tests\barcode-scanning.spec.ts:44:7

    attachment #1: screenshot (image/png) ──────────────────────────────────────────────────────────
    ..\test-results\barcode-scanning-Barcode-S-ff992-ssions-when-opening-scanner-chromium\test-failed-1.png
    ────────────────────────────────────────────────────────────────────────────────────────────────

    attachment #2: video (video/webm) ──────────────────────────────────────────────────────────────
    ..\test-results\barcode-scanning-Barcode-S-ff992-ssions-when-opening-scanner-chromium\video.webm
    ────────────────────────────────────────────────────────────────────────────────────────────────

    Error Context: ..\test-results\barcode-scanning-Barcode-S-ff992-ssions-when-opening-scanner-chromium\error-context.md
]]>
</failure>
<system-out>
<![CDATA[
[[ATTACHMENT|test-results\barcode-scanning-Barcode-S-ff992-ssions-when-opening-scanner-chromium\test-failed-1.png]]

[[ATTACHMENT|test-results\barcode-scanning-Barcode-S-ff992-ssions-when-opening-scanner-chromium\video.webm]]

[[ATTACHMENT|test-results\barcode-scanning-Barcode-S-ff992-ssions-when-opening-scanner-chromium\error-context.md]]
]]>
</system-out>
</testcase>
<testcase name="Barcode Scanning Feature › Barcode Detection › should handle successful barcode scan" classname="barcode-scanning.spec.ts" time="13.972">
<failure message="barcode-scanning.spec.ts:65:5 should handle successful barcode scan" type="FAILURE">
<![CDATA[  [chromium] › barcode-scanning.spec.ts:65:5 › Barcode Scanning Feature › Barcode Detection › should handle successful barcode scan 

    TimeoutError: locator.waitFor: Timeout 10000ms exceeded.
    Call log:
      - waiting for getByLabel('Staff Email', { exact: true }) to be visible


       at utils\test-locators.ts:240

      238 |    */
      239 |   async safeFill(locator: Locator, value: string, timeout: number = 10000): Promise<void> {
    > 240 |     await locator.waitFor({ state: 'visible', timeout });
          |                   ^
      241 |     await locator.scrollIntoViewIfNeeded();
      242 |     await locator.clear();
      243 |     await locator.fill(value);
        at LecturerAuthPage.safeFill (D:\code\GitHub\Personal\BAS-Web\BAS\tests\utils\test-locators.ts:240:19)
        at LecturerAuthPage.loginAsLecturer (D:\code\GitHub\Personal\BAS-Web\BAS\tests\utils\test-locators.ts:334:16)
        at D:\code\GitHub\Personal\BAS-Web\BAS\tests\barcode-scanning.spec.ts:66:7

    attachment #1: screenshot (image/png) ──────────────────────────────────────────────────────────
    ..\test-results\barcode-scanning-Barcode-S-7beb2-dle-successful-barcode-scan-chromium\test-failed-1.png
    ────────────────────────────────────────────────────────────────────────────────────────────────

    attachment #2: video (video/webm) ──────────────────────────────────────────────────────────────
    ..\test-results\barcode-scanning-Barcode-S-7beb2-dle-successful-barcode-scan-chromium\video.webm
    ────────────────────────────────────────────────────────────────────────────────────────────────

    Error Context: ..\test-results\barcode-scanning-Barcode-S-7beb2-dle-successful-barcode-scan-chromium\error-context.md
]]>
</failure>
<system-out>
<![CDATA[
[[ATTACHMENT|test-results\barcode-scanning-Barcode-S-7beb2-dle-successful-barcode-scan-chromium\test-failed-1.png]]

[[ATTACHMENT|test-results\barcode-scanning-Barcode-S-7beb2-dle-successful-barcode-scan-chromium\video.webm]]

[[ATTACHMENT|test-results\barcode-scanning-Barcode-S-7beb2-dle-successful-barcode-scan-chromium\error-context.md]]
]]>
</system-out>
</testcase>
<testcase name="Barcode Scanning Feature › Barcode Detection › should handle invalid barcode scan" classname="barcode-scanning.spec.ts" time="13.054">
<failure message="barcode-scanning.spec.ts:98:5 should handle invalid barcode scan" type="FAILURE">
<![CDATA[  [chromium] › barcode-scanning.spec.ts:98:5 › Barcode Scanning Feature › Barcode Detection › should handle invalid barcode scan 

    TimeoutError: locator.waitFor: Timeout 10000ms exceeded.
    Call log:
      - waiting for getByLabel('Staff Email', { exact: true }) to be visible


       at utils\test-locators.ts:240

      238 |    */
      239 |   async safeFill(locator: Locator, value: string, timeout: number = 10000): Promise<void> {
    > 240 |     await locator.waitFor({ state: 'visible', timeout });
          |                   ^
      241 |     await locator.scrollIntoViewIfNeeded();
      242 |     await locator.clear();
      243 |     await locator.fill(value);
        at LecturerAuthPage.safeFill (D:\code\GitHub\Personal\BAS-Web\BAS\tests\utils\test-locators.ts:240:19)
        at LecturerAuthPage.loginAsLecturer (D:\code\GitHub\Personal\BAS-Web\BAS\tests\utils\test-locators.ts:334:16)
        at D:\code\GitHub\Personal\BAS-Web\BAS\tests\barcode-scanning.spec.ts:99:7

    attachment #1: screenshot (image/png) ──────────────────────────────────────────────────────────
    ..\test-results\barcode-scanning-Barcode-S-66bb4-handle-invalid-barcode-scan-chromium\test-failed-1.png
    ────────────────────────────────────────────────────────────────────────────────────────────────

    attachment #2: video (video/webm) ──────────────────────────────────────────────────────────────
    ..\test-results\barcode-scanning-Barcode-S-66bb4-handle-invalid-barcode-scan-chromium\video.webm
    ────────────────────────────────────────────────────────────────────────────────────────────────

    Error Context: ..\test-results\barcode-scanning-Barcode-S-66bb4-handle-invalid-barcode-scan-chromium\error-context.md
]]>
</failure>
<system-out>
<![CDATA[
[[ATTACHMENT|test-results\barcode-scanning-Barcode-S-66bb4-handle-invalid-barcode-scan-chromium\test-failed-1.png]]

[[ATTACHMENT|test-results\barcode-scanning-Barcode-S-66bb4-handle-invalid-barcode-scan-chromium\video.webm]]

[[ATTACHMENT|test-results\barcode-scanning-Barcode-S-66bb4-handle-invalid-barcode-scan-chromium\error-context.md]]
]]>
</system-out>
</testcase>
<testcase name="Barcode Scanning Feature › Barcode Detection › should handle duplicate scans" classname="barcode-scanning.spec.ts" time="13.247">
<failure message="barcode-scanning.spec.ts:129:5 should handle duplicate scans" type="FAILURE">
<![CDATA[  [chromium] › barcode-scanning.spec.ts:129:5 › Barcode Scanning Feature › Barcode Detection › should handle duplicate scans 

    TimeoutError: locator.waitFor: Timeout 10000ms exceeded.
    Call log:
      - waiting for getByLabel('Staff Email', { exact: true }) to be visible


       at utils\test-locators.ts:240

      238 |    */
      239 |   async safeFill(locator: Locator, value: string, timeout: number = 10000): Promise<void> {
    > 240 |     await locator.waitFor({ state: 'visible', timeout });
          |                   ^
      241 |     await locator.scrollIntoViewIfNeeded();
      242 |     await locator.clear();
      243 |     await locator.fill(value);
        at LecturerAuthPage.safeFill (D:\code\GitHub\Personal\BAS-Web\BAS\tests\utils\test-locators.ts:240:19)
        at LecturerAuthPage.loginAsLecturer (D:\code\GitHub\Personal\BAS-Web\BAS\tests\utils\test-locators.ts:334:16)
        at D:\code\GitHub\Personal\BAS-Web\BAS\tests\barcode-scanning.spec.ts:130:7

    attachment #1: screenshot (image/png) ──────────────────────────────────────────────────────────
    ..\test-results\barcode-scanning-Barcode-S-80e65-ould-handle-duplicate-scans-chromium\test-failed-1.png
    ────────────────────────────────────────────────────────────────────────────────────────────────

    attachment #2: video (video/webm) ──────────────────────────────────────────────────────────────
    ..\test-results\barcode-scanning-Barcode-S-80e65-ould-handle-duplicate-scans-chromium\video.webm
    ────────────────────────────────────────────────────────────────────────────────────────────────

    Error Context: ..\test-results\barcode-scanning-Barcode-S-80e65-ould-handle-duplicate-scans-chromium\error-context.md
]]>
</failure>
<system-out>
<![CDATA[
[[ATTACHMENT|test-results\barcode-scanning-Barcode-S-80e65-ould-handle-duplicate-scans-chromium\test-failed-1.png]]

[[ATTACHMENT|test-results\barcode-scanning-Barcode-S-80e65-ould-handle-duplicate-scans-chromium\video.webm]]

[[ATTACHMENT|test-results\barcode-scanning-Barcode-S-80e65-ould-handle-duplicate-scans-chromium\error-context.md]]
]]>
</system-out>
</testcase>
<testcase name="Barcode Scanning Feature › Session Management › should require active session for scanning" classname="barcode-scanning.spec.ts" time="13.765">
<failure message="barcode-scanning.spec.ts:166:5 should require active session for scanning" type="FAILURE">
<![CDATA[  [chromium] › barcode-scanning.spec.ts:166:5 › Barcode Scanning Feature › Session Management › should require active session for scanning 

    TimeoutError: locator.waitFor: Timeout 10000ms exceeded.
    Call log:
      - waiting for getByLabel('Staff Email', { exact: true }) to be visible


       at utils\test-locators.ts:240

      238 |    */
      239 |   async safeFill(locator: Locator, value: string, timeout: number = 10000): Promise<void> {
    > 240 |     await locator.waitFor({ state: 'visible', timeout });
          |                   ^
      241 |     await locator.scrollIntoViewIfNeeded();
      242 |     await locator.clear();
      243 |     await locator.fill(value);
        at LecturerAuthPage.safeFill (D:\code\GitHub\Personal\BAS-Web\BAS\tests\utils\test-locators.ts:240:19)
        at LecturerAuthPage.loginAsLecturer (D:\code\GitHub\Personal\BAS-Web\BAS\tests\utils\test-locators.ts:334:16)
        at D:\code\GitHub\Personal\BAS-Web\BAS\tests\barcode-scanning.spec.ts:167:7

    attachment #1: screenshot (image/png) ──────────────────────────────────────────────────────────
    ..\test-results\barcode-scanning-Barcode-S-e7962-active-session-for-scanning-chromium\test-failed-1.png
    ────────────────────────────────────────────────────────────────────────────────────────────────

    attachment #2: video (video/webm) ──────────────────────────────────────────────────────────────
    ..\test-results\barcode-scanning-Barcode-S-e7962-active-session-for-scanning-chromium\video.webm
    ────────────────────────────────────────────────────────────────────────────────────────────────

    Error Context: ..\test-results\barcode-scanning-Barcode-S-e7962-active-session-for-scanning-chromium\error-context.md
]]>
</failure>
<system-out>
<![CDATA[
[[ATTACHMENT|test-results\barcode-scanning-Barcode-S-e7962-active-session-for-scanning-chromium\test-failed-1.png]]

[[ATTACHMENT|test-results\barcode-scanning-Barcode-S-e7962-active-session-for-scanning-chromium\video.webm]]

[[ATTACHMENT|test-results\barcode-scanning-Barcode-S-e7962-active-session-for-scanning-chromium\error-context.md]]
]]>
</system-out>
</testcase>
<testcase name="Barcode Scanning Feature › Session Management › should work with active session" classname="barcode-scanning.spec.ts" time="13.842">
<failure message="barcode-scanning.spec.ts:193:5 should work with active session" type="FAILURE">
<![CDATA[  [chromium] › barcode-scanning.spec.ts:193:5 › Barcode Scanning Feature › Session Management › should work with active session 

    TimeoutError: locator.waitFor: Timeout 10000ms exceeded.
    Call log:
      - waiting for getByLabel('Staff Email', { exact: true }) to be visible


       at utils\test-locators.ts:240

      238 |    */
      239 |   async safeFill(locator: Locator, value: string, timeout: number = 10000): Promise<void> {
    > 240 |     await locator.waitFor({ state: 'visible', timeout });
          |                   ^
      241 |     await locator.scrollIntoViewIfNeeded();
      242 |     await locator.clear();
      243 |     await locator.fill(value);
        at LecturerAuthPage.safeFill (D:\code\GitHub\Personal\BAS-Web\BAS\tests\utils\test-locators.ts:240:19)
        at LecturerAuthPage.loginAsLecturer (D:\code\GitHub\Personal\BAS-Web\BAS\tests\utils\test-locators.ts:334:16)
        at D:\code\GitHub\Personal\BAS-Web\BAS\tests\barcode-scanning.spec.ts:194:7

    attachment #1: screenshot (image/png) ──────────────────────────────────────────────────────────
    ..\test-results\barcode-scanning-Barcode-S-c185a-ld-work-with-active-session-chromium\test-failed-1.png
    ────────────────────────────────────────────────────────────────────────────────────────────────

    attachment #2: video (video/webm) ──────────────────────────────────────────────────────────────
    ..\test-results\barcode-scanning-Barcode-S-c185a-ld-work-with-active-session-chromium\video.webm
    ────────────────────────────────────────────────────────────────────────────────────────────────

    Error Context: ..\test-results\barcode-scanning-Barcode-S-c185a-ld-work-with-active-session-chromium\error-context.md
]]>
</failure>
<system-out>
<![CDATA[
[[ATTACHMENT|test-results\barcode-scanning-Barcode-S-c185a-ld-work-with-active-session-chromium\test-failed-1.png]]

[[ATTACHMENT|test-results\barcode-scanning-Barcode-S-c185a-ld-work-with-active-session-chromium\video.webm]]

[[ATTACHMENT|test-results\barcode-scanning-Barcode-S-c185a-ld-work-with-active-session-chromium\error-context.md]]
]]>
</system-out>
</testcase>
<testcase name="Barcode Scanning Feature › Camera Integration › should handle camera permission denial" classname="barcode-scanning.spec.ts" time="12.523">
<failure message="barcode-scanning.spec.ts:242:5 should handle camera permission denial" type="FAILURE">
<![CDATA[  [chromium] › barcode-scanning.spec.ts:242:5 › Barcode Scanning Feature › Camera Integration › should handle camera permission denial 

    TimeoutError: locator.waitFor: Timeout 10000ms exceeded.
    Call log:
      - waiting for getByLabel('Staff Email', { exact: true }) to be visible


       at utils\test-locators.ts:240

      238 |    */
      239 |   async safeFill(locator: Locator, value: string, timeout: number = 10000): Promise<void> {
    > 240 |     await locator.waitFor({ state: 'visible', timeout });
          |                   ^
      241 |     await locator.scrollIntoViewIfNeeded();
      242 |     await locator.clear();
      243 |     await locator.fill(value);
        at LecturerAuthPage.safeFill (D:\code\GitHub\Personal\BAS-Web\BAS\tests\utils\test-locators.ts:240:19)
        at LecturerAuthPage.loginAsLecturer (D:\code\GitHub\Personal\BAS-Web\BAS\tests\utils\test-locators.ts:334:16)
        at D:\code\GitHub\Personal\BAS-Web\BAS\tests\barcode-scanning.spec.ts:246:7

    attachment #1: screenshot (image/png) ──────────────────────────────────────────────────────────
    ..\test-results\barcode-scanning-Barcode-S-b1068-le-camera-permission-denial-chromium\test-failed-1.png
    ────────────────────────────────────────────────────────────────────────────────────────────────

    attachment #2: video (video/webm) ──────────────────────────────────────────────────────────────
    ..\test-results\barcode-scanning-Barcode-S-b1068-le-camera-permission-denial-chromium\video.webm
    ────────────────────────────────────────────────────────────────────────────────────────────────

    Error Context: ..\test-results\barcode-scanning-Barcode-S-b1068-le-camera-permission-denial-chromium\error-context.md
]]>
</failure>
<system-out>
<![CDATA[
[[ATTACHMENT|test-results\barcode-scanning-Barcode-S-b1068-le-camera-permission-denial-chromium\test-failed-1.png]]

[[ATTACHMENT|test-results\barcode-scanning-Barcode-S-b1068-le-camera-permission-denial-chromium\video.webm]]

[[ATTACHMENT|test-results\barcode-scanning-Barcode-S-b1068-le-camera-permission-denial-chromium\error-context.md]]
]]>
</system-out>
</testcase>
<testcase name="Barcode Scanning Feature › Camera Integration › should handle camera errors gracefully" classname="barcode-scanning.spec.ts" time="12.368">
<failure message="barcode-scanning.spec.ts:266:5 should handle camera errors gracefully" type="FAILURE">
<![CDATA[  [chromium] › barcode-scanning.spec.ts:266:5 › Barcode Scanning Feature › Camera Integration › should handle camera errors gracefully 

    TimeoutError: locator.waitFor: Timeout 10000ms exceeded.
    Call log:
      - waiting for getByLabel('Staff Email', { exact: true }) to be visible


       at utils\test-locators.ts:240

      238 |    */
      239 |   async safeFill(locator: Locator, value: string, timeout: number = 10000): Promise<void> {
    > 240 |     await locator.waitFor({ state: 'visible', timeout });
          |                   ^
      241 |     await locator.scrollIntoViewIfNeeded();
      242 |     await locator.clear();
      243 |     await locator.fill(value);
        at LecturerAuthPage.safeFill (D:\code\GitHub\Personal\BAS-Web\BAS\tests\utils\test-locators.ts:240:19)
        at LecturerAuthPage.loginAsLecturer (D:\code\GitHub\Personal\BAS-Web\BAS\tests\utils\test-locators.ts:334:16)
        at D:\code\GitHub\Personal\BAS-Web\BAS\tests\barcode-scanning.spec.ts:280:7

    attachment #1: screenshot (image/png) ──────────────────────────────────────────────────────────
    ..\test-results\barcode-scanning-Barcode-S-4bbdb-le-camera-errors-gracefully-chromium\test-failed-1.png
    ────────────────────────────────────────────────────────────────────────────────────────────────

    attachment #2: video (video/webm) ──────────────────────────────────────────────────────────────
    ..\test-results\barcode-scanning-Barcode-S-4bbdb-le-camera-errors-gracefully-chromium\video.webm
    ────────────────────────────────────────────────────────────────────────────────────────────────

    Error Context: ..\test-results\barcode-scanning-Barcode-S-4bbdb-le-camera-errors-gracefully-chromium\error-context.md
]]>
</failure>
<system-out>
<![CDATA[
[[ATTACHMENT|test-results\barcode-scanning-Barcode-S-4bbdb-le-camera-errors-gracefully-chromium\test-failed-1.png]]

[[ATTACHMENT|test-results\barcode-scanning-Barcode-S-4bbdb-le-camera-errors-gracefully-chromium\video.webm]]

[[ATTACHMENT|test-results\barcode-scanning-Barcode-S-4bbdb-le-camera-errors-gracefully-chromium\error-context.md]]
]]>
</system-out>
</testcase>
<testcase name="Barcode Scanning Feature › Manual Entry Fallback › should provide manual entry option" classname="barcode-scanning.spec.ts" time="13.921">
<failure message="barcode-scanning.spec.ts:299:5 should provide manual entry option" type="FAILURE">
<![CDATA[  [chromium] › barcode-scanning.spec.ts:299:5 › Barcode Scanning Feature › Manual Entry Fallback › should provide manual entry option 

    TimeoutError: locator.waitFor: Timeout 10000ms exceeded.
    Call log:
      - waiting for getByLabel('Staff Email', { exact: true }) to be visible


       at utils\test-locators.ts:240

      238 |    */
      239 |   async safeFill(locator: Locator, value: string, timeout: number = 10000): Promise<void> {
    > 240 |     await locator.waitFor({ state: 'visible', timeout });
          |                   ^
      241 |     await locator.scrollIntoViewIfNeeded();
      242 |     await locator.clear();
      243 |     await locator.fill(value);
        at LecturerAuthPage.safeFill (D:\code\GitHub\Personal\BAS-Web\BAS\tests\utils\test-locators.ts:240:19)
        at LecturerAuthPage.loginAsLecturer (D:\code\GitHub\Personal\BAS-Web\BAS\tests\utils\test-locators.ts:334:16)
        at D:\code\GitHub\Personal\BAS-Web\BAS\tests\barcode-scanning.spec.ts:300:7

    attachment #1: screenshot (image/png) ──────────────────────────────────────────────────────────
    ..\test-results\barcode-scanning-Barcode-S-ffe3f-provide-manual-entry-option-chromium\test-failed-1.png
    ────────────────────────────────────────────────────────────────────────────────────────────────

    attachment #2: video (video/webm) ──────────────────────────────────────────────────────────────
    ..\test-results\barcode-scanning-Barcode-S-ffe3f-provide-manual-entry-option-chromium\video.webm
    ────────────────────────────────────────────────────────────────────────────────────────────────

    Error Context: ..\test-results\barcode-scanning-Barcode-S-ffe3f-provide-manual-entry-option-chromium\error-context.md
]]>
</failure>
<system-out>
<![CDATA[
[[ATTACHMENT|test-results\barcode-scanning-Barcode-S-ffe3f-provide-manual-entry-option-chromium\test-failed-1.png]]

[[ATTACHMENT|test-results\barcode-scanning-Barcode-S-ffe3f-provide-manual-entry-option-chromium\video.webm]]

[[ATTACHMENT|test-results\barcode-scanning-Barcode-S-ffe3f-provide-manual-entry-option-chromium\error-context.md]]
]]>
</system-out>
</testcase>
<testcase name="Barcode Scanning Feature › Real-time Updates › should update roster in real-time" classname="barcode-scanning.spec.ts" time="13.841">
<failure message="barcode-scanning.spec.ts:339:5 should update roster in real-time" type="FAILURE">
<![CDATA[  [chromium] › barcode-scanning.spec.ts:339:5 › Barcode Scanning Feature › Real-time Updates › should update roster in real-time 

    TimeoutError: locator.waitFor: Timeout 10000ms exceeded.
    Call log:
      - waiting for getByLabel('Staff Email', { exact: true }) to be visible


       at utils\test-locators.ts:240

      238 |    */
      239 |   async safeFill(locator: Locator, value: string, timeout: number = 10000): Promise<void> {
    > 240 |     await locator.waitFor({ state: 'visible', timeout });
          |                   ^
      241 |     await locator.scrollIntoViewIfNeeded();
      242 |     await locator.clear();
      243 |     await locator.fill(value);
        at LecturerAuthPage.safeFill (D:\code\GitHub\Personal\BAS-Web\BAS\tests\utils\test-locators.ts:240:19)
        at LecturerAuthPage.loginAsLecturer (D:\code\GitHub\Personal\BAS-Web\BAS\tests\utils\test-locators.ts:334:16)
        at D:\code\GitHub\Personal\BAS-Web\BAS\tests\barcode-scanning.spec.ts:340:7

    attachment #1: screenshot (image/png) ──────────────────────────────────────────────────────────
    ..\test-results\barcode-scanning-Barcode-S-0ad96--update-roster-in-real-time-chromium\test-failed-1.png
    ────────────────────────────────────────────────────────────────────────────────────────────────

    attachment #2: video (video/webm) ──────────────────────────────────────────────────────────────
    ..\test-results\barcode-scanning-Barcode-S-0ad96--update-roster-in-real-time-chromium\video.webm
    ────────────────────────────────────────────────────────────────────────────────────────────────

    Error Context: ..\test-results\barcode-scanning-Barcode-S-0ad96--update-roster-in-real-time-chromium\error-context.md
]]>
</failure>
<system-out>
<![CDATA[
[[ATTACHMENT|test-results\barcode-scanning-Barcode-S-0ad96--update-roster-in-real-time-chromium\test-failed-1.png]]

[[ATTACHMENT|test-results\barcode-scanning-Barcode-S-0ad96--update-roster-in-real-time-chromium\video.webm]]

[[ATTACHMENT|test-results\barcode-scanning-Barcode-S-0ad96--update-roster-in-real-time-chromium\error-context.md]]
]]>
</system-out>
</testcase>
<testcase name="Barcode Scanning Feature › Error Handling › should handle network errors during scan" classname="barcode-scanning.spec.ts" time="12.478">
<failure message="barcode-scanning.spec.ts:366:5 should handle network errors during scan" type="FAILURE">
<![CDATA[  [chromium] › barcode-scanning.spec.ts:366:5 › Barcode Scanning Feature › Error Handling › should handle network errors during scan 

    TimeoutError: locator.waitFor: Timeout 10000ms exceeded.
    Call log:
      - waiting for getByLabel('Staff Email', { exact: true }) to be visible


       at utils\test-locators.ts:240

      238 |    */
      239 |   async safeFill(locator: Locator, value: string, timeout: number = 10000): Promise<void> {
    > 240 |     await locator.waitFor({ state: 'visible', timeout });
          |                   ^
      241 |     await locator.scrollIntoViewIfNeeded();
      242 |     await locator.clear();
      243 |     await locator.fill(value);
        at LecturerAuthPage.safeFill (D:\code\GitHub\Personal\BAS-Web\BAS\tests\utils\test-locators.ts:240:19)
        at LecturerAuthPage.loginAsLecturer (D:\code\GitHub\Personal\BAS-Web\BAS\tests\utils\test-locators.ts:334:16)
        at D:\code\GitHub\Personal\BAS-Web\BAS\tests\barcode-scanning.spec.ts:367:7

    attachment #1: screenshot (image/png) ──────────────────────────────────────────────────────────
    ..\test-results\barcode-scanning-Barcode-S-393db--network-errors-during-scan-chromium\test-failed-1.png
    ────────────────────────────────────────────────────────────────────────────────────────────────

    attachment #2: video (video/webm) ──────────────────────────────────────────────────────────────
    ..\test-results\barcode-scanning-Barcode-S-393db--network-errors-during-scan-chromium\video.webm
    ────────────────────────────────────────────────────────────────────────────────────────────────

    Error Context: ..\test-results\barcode-scanning-Barcode-S-393db--network-errors-during-scan-chromium\error-context.md
]]>
</failure>
<system-out>
<![CDATA[
[[ATTACHMENT|test-results\barcode-scanning-Barcode-S-393db--network-errors-during-scan-chromium\test-failed-1.png]]

[[ATTACHMENT|test-results\barcode-scanning-Barcode-S-393db--network-errors-during-scan-chromium\video.webm]]

[[ATTACHMENT|test-results\barcode-scanning-Barcode-S-393db--network-errors-during-scan-chromium\error-context.md]]
]]>
</system-out>
</testcase>
<testcase name="Barcode Scanning Feature › Error Handling › should handle malformed barcode data" classname="barcode-scanning.spec.ts" time="12.185">
<failure message="barcode-scanning.spec.ts:398:5 should handle malformed barcode data" type="FAILURE">
<![CDATA[  [chromium] › barcode-scanning.spec.ts:398:5 › Barcode Scanning Feature › Error Handling › should handle malformed barcode data 

    TimeoutError: locator.waitFor: Timeout 10000ms exceeded.
    Call log:
      - waiting for getByLabel('Staff Email', { exact: true }) to be visible


       at utils\test-locators.ts:240

      238 |    */
      239 |   async safeFill(locator: Locator, value: string, timeout: number = 10000): Promise<void> {
    > 240 |     await locator.waitFor({ state: 'visible', timeout });
          |                   ^
      241 |     await locator.scrollIntoViewIfNeeded();
      242 |     await locator.clear();
      243 |     await locator.fill(value);
        at LecturerAuthPage.safeFill (D:\code\GitHub\Personal\BAS-Web\BAS\tests\utils\test-locators.ts:240:19)
        at LecturerAuthPage.loginAsLecturer (D:\code\GitHub\Personal\BAS-Web\BAS\tests\utils\test-locators.ts:334:16)
        at D:\code\GitHub\Personal\BAS-Web\BAS\tests\barcode-scanning.spec.ts:399:7

    attachment #1: screenshot (image/png) ──────────────────────────────────────────────────────────
    ..\test-results\barcode-scanning-Barcode-S-d311a-ndle-malformed-barcode-data-chromium\test-failed-1.png
    ────────────────────────────────────────────────────────────────────────────────────────────────

    attachment #2: video (video/webm) ──────────────────────────────────────────────────────────────
    ..\test-results\barcode-scanning-Barcode-S-d311a-ndle-malformed-barcode-data-chromium\video.webm
    ────────────────────────────────────────────────────────────────────────────────────────────────

    Error Context: ..\test-results\barcode-scanning-Barcode-S-d311a-ndle-malformed-barcode-data-chromium\error-context.md
]]>
</failure>
<system-out>
<![CDATA[
[[ATTACHMENT|test-results\barcode-scanning-Barcode-S-d311a-ndle-malformed-barcode-data-chromium\test-failed-1.png]]

[[ATTACHMENT|test-results\barcode-scanning-Barcode-S-d311a-ndle-malformed-barcode-data-chromium\video.webm]]

[[ATTACHMENT|test-results\barcode-scanning-Barcode-S-d311a-ndle-malformed-barcode-data-chromium\error-context.md]]
]]>
</system-out>
</testcase>
<testcase name="Barcode Scanning Feature › Mobile Experience › should work on mobile devices" classname="barcode-scanning.spec.ts" time="12.735">
<failure message="barcode-scanning.spec.ts:426:5 should work on mobile devices" type="FAILURE">
<![CDATA[  [chromium] › barcode-scanning.spec.ts:426:5 › Barcode Scanning Feature › Mobile Experience › should work on mobile devices 

    TimeoutError: locator.waitFor: Timeout 10000ms exceeded.
    Call log:
      - waiting for getByLabel('Staff Email', { exact: true }) to be visible


       at utils\test-locators.ts:240

      238 |    */
      239 |   async safeFill(locator: Locator, value: string, timeout: number = 10000): Promise<void> {
    > 240 |     await locator.waitFor({ state: 'visible', timeout });
          |                   ^
      241 |     await locator.scrollIntoViewIfNeeded();
      242 |     await locator.clear();
      243 |     await locator.fill(value);
        at LecturerAuthPage.safeFill (D:\code\GitHub\Personal\BAS-Web\BAS\tests\utils\test-locators.ts:240:19)
        at LecturerAuthPage.loginAsLecturer (D:\code\GitHub\Personal\BAS-Web\BAS\tests\utils\test-locators.ts:334:16)
        at D:\code\GitHub\Personal\BAS-Web\BAS\tests\barcode-scanning.spec.ts:429:7

    attachment #1: screenshot (image/png) ──────────────────────────────────────────────────────────
    ..\test-results\barcode-scanning-Barcode-S-4d341-ould-work-on-mobile-devices-chromium\test-failed-1.png
    ────────────────────────────────────────────────────────────────────────────────────────────────

    attachment #2: video (video/webm) ──────────────────────────────────────────────────────────────
    ..\test-results\barcode-scanning-Barcode-S-4d341-ould-work-on-mobile-devices-chromium\video.webm
    ────────────────────────────────────────────────────────────────────────────────────────────────

    Error Context: ..\test-results\barcode-scanning-Barcode-S-4d341-ould-work-on-mobile-devices-chromium\error-context.md
]]>
</failure>
<system-out>
<![CDATA[
[[ATTACHMENT|test-results\barcode-scanning-Barcode-S-4d341-ould-work-on-mobile-devices-chromium\test-failed-1.png]]

[[ATTACHMENT|test-results\barcode-scanning-Barcode-S-4d341-ould-work-on-mobile-devices-chromium\video.webm]]

[[ATTACHMENT|test-results\barcode-scanning-Barcode-S-4d341-ould-work-on-mobile-devices-chromium\error-context.md]]
]]>
</system-out>
</testcase>
<testcase name="Barcode Scanning Feature › Mobile Experience › should handle mobile camera properly" classname="barcode-scanning.spec.ts" time="12.581">
<failure message="barcode-scanning.spec.ts:450:5 should handle mobile camera properly" type="FAILURE">
<![CDATA[  [chromium] › barcode-scanning.spec.ts:450:5 › Barcode Scanning Feature › Mobile Experience › should handle mobile camera properly 

    TimeoutError: locator.waitFor: Timeout 10000ms exceeded.
    Call log:
      - waiting for getByLabel('Staff Email', { exact: true }) to be visible


       at utils\test-locators.ts:240

      238 |    */
      239 |   async safeFill(locator: Locator, value: string, timeout: number = 10000): Promise<void> {
    > 240 |     await locator.waitFor({ state: 'visible', timeout });
          |                   ^
      241 |     await locator.scrollIntoViewIfNeeded();
      242 |     await locator.clear();
      243 |     await locator.fill(value);
        at LecturerAuthPage.safeFill (D:\code\GitHub\Personal\BAS-Web\BAS\tests\utils\test-locators.ts:240:19)
        at LecturerAuthPage.loginAsLecturer (D:\code\GitHub\Personal\BAS-Web\BAS\tests\utils\test-locators.ts:334:16)
        at D:\code\GitHub\Personal\BAS-Web\BAS\tests\barcode-scanning.spec.ts:454:7

    attachment #1: screenshot (image/png) ──────────────────────────────────────────────────────────
    ..\test-results\barcode-scanning-Barcode-S-07ea3-ndle-mobile-camera-properly-chromium\test-failed-1.png
    ────────────────────────────────────────────────────────────────────────────────────────────────

    attachment #2: video (video/webm) ──────────────────────────────────────────────────────────────
    ..\test-results\barcode-scanning-Barcode-S-07ea3-ndle-mobile-camera-properly-chromium\video.webm
    ────────────────────────────────────────────────────────────────────────────────────────────────

    Error Context: ..\test-results\barcode-scanning-Barcode-S-07ea3-ndle-mobile-camera-properly-chromium\error-context.md
]]>
</failure>
<system-out>
<![CDATA[
[[ATTACHMENT|test-results\barcode-scanning-Barcode-S-07ea3-ndle-mobile-camera-properly-chromium\test-failed-1.png]]

[[ATTACHMENT|test-results\barcode-scanning-Barcode-S-07ea3-ndle-mobile-camera-properly-chromium\video.webm]]

[[ATTACHMENT|test-results\barcode-scanning-Barcode-S-07ea3-ndle-mobile-camera-properly-chromium\error-context.md]]
]]>
</system-out>
</testcase>
</testsuite>
<testsuite name="example.spec.ts" timestamp="2026-05-30T17:30:01.502Z" hostname="chromium" tests="2" failures="0" skipped="0" time="5.983" errors="0">
<testcase name="has title" classname="example.spec.ts" time="3.323">
</testcase>
<testcase name="get started link" classname="example.spec.ts" time="2.66">
</testcase>
</testsuite>
<testsuite name="improved-lecturer-auth.spec.ts" timestamp="2026-05-30T17:30:01.502Z" hostname="chromium" tests="13" failures="12" skipped="0" time="153.974" errors="0">
<testcase name="Lecturer Authentication - Improved Tests › should display lecturer login page with correct elements" classname="improved-lecturer-auth.spec.ts" time="7.881">
<failure message="improved-lecturer-auth.spec.ts:11:3 should display lecturer login page with correct elements" type="FAILURE">
<![CDATA[  [chromium] › improved-lecturer-auth.spec.ts:11:3 › Lecturer Authentication - Improved Tests › should display lecturer login page with correct elements 

    Error: expect(page).toHaveTitle(expected) failed

    Expected pattern: /Smart Attendance/
    Received string:  "CAT - Class Attendance Tracker"
    Timeout: 5000ms

    Call log:
      - Expect "toHaveTitle" with timeout 5000ms
        8 × unexpected value "CAT - Class Attendance Tracker"


      13 |     
      14 |     // Verify page title and key elements
    > 15 |     await expect(page).toHaveTitle(/Smart Attendance/);
         |                        ^
      16 |     await expect(lecturerAuth.lecturerLoginEmail).toBeVisible();
      17 |     await expect(lecturerAuth.lecturerLoginPassword).toBeVisible();
      18 |     await expect(lecturerAuth.lecturerLoginSubmitButton).toBeVisible();
        at D:\code\GitHub\Personal\BAS-Web\BAS\tests\improved-lecturer-auth.spec.ts:15:24

    attachment #1: screenshot (image/png) ──────────────────────────────────────────────────────────
    ..\test-results\improved-lecturer-auth-Lec-fa71f--page-with-correct-elements-chromium\test-failed-1.png
    ────────────────────────────────────────────────────────────────────────────────────────────────

    attachment #2: video (video/webm) ──────────────────────────────────────────────────────────────
    ..\test-results\improved-lecturer-auth-Lec-fa71f--page-with-correct-elements-chromium\video.webm
    ────────────────────────────────────────────────────────────────────────────────────────────────

    Error Context: ..\test-results\improved-lecturer-auth-Lec-fa71f--page-with-correct-elements-chromium\error-context.md
]]>
</failure>
<system-out>
<![CDATA[
[[ATTACHMENT|test-results\improved-lecturer-auth-Lec-fa71f--page-with-correct-elements-chromium\test-failed-1.png]]

[[ATTACHMENT|test-results\improved-lecturer-auth-Lec-fa71f--page-with-correct-elements-chromium\video.webm]]

[[ATTACHMENT|test-results\improved-lecturer-auth-Lec-fa71f--page-with-correct-elements-chromium\error-context.md]]
]]>
</system-out>
</testcase>
<testcase name="Lecturer Authentication - Improved Tests › should show validation errors for empty form submission" classname="improved-lecturer-auth.spec.ts" time="13.014">
<failure message="improved-lecturer-auth.spec.ts:27:3 should show validation errors for empty form submission" type="FAILURE">
<![CDATA[  [chromium] › improved-lecturer-auth.spec.ts:27:3 › Lecturer Authentication - Improved Tests › should show validation errors for empty form submission 

    TimeoutError: locator.waitFor: Timeout 10000ms exceeded.
    Call log:
      - waiting for getByRole('button', { name: /Sign In to Manage/i }) to be visible


       at utils\test-locators.ts:231

      229 |    */
      230 |   async safeClick(locator: Locator, timeout: number = 10000): Promise<void> {
    > 231 |     await locator.waitFor({ state: 'visible', timeout });
          |                   ^
      232 |     await locator.scrollIntoViewIfNeeded();
      233 |     await locator.click({ timeout });
      234 |   }
        at LecturerAuthPage.safeClick (D:\code\GitHub\Personal\BAS-Web\BAS\tests\utils\test-locators.ts:231:19)
        at D:\code\GitHub\Personal\BAS-Web\BAS\tests\improved-lecturer-auth.spec.ts:31:24

    attachment #1: screenshot (image/png) ──────────────────────────────────────────────────────────
    ..\test-results\improved-lecturer-auth-Lec-e784a-s-for-empty-form-submission-chromium\test-failed-1.png
    ────────────────────────────────────────────────────────────────────────────────────────────────

    attachment #2: video (video/webm) ──────────────────────────────────────────────────────────────
    ..\test-results\improved-lecturer-auth-Lec-e784a-s-for-empty-form-submission-chromium\video.webm
    ────────────────────────────────────────────────────────────────────────────────────────────────

    Error Context: ..\test-results\improved-lecturer-auth-Lec-e784a-s-for-empty-form-submission-chromium\error-context.md
]]>
</failure>
<system-out>
<![CDATA[
[[ATTACHMENT|test-results\improved-lecturer-auth-Lec-e784a-s-for-empty-form-submission-chromium\test-failed-1.png]]

[[ATTACHMENT|test-results\improved-lecturer-auth-Lec-e784a-s-for-empty-form-submission-chromium\video.webm]]

[[ATTACHMENT|test-results\improved-lecturer-auth-Lec-e784a-s-for-empty-form-submission-chromium\error-context.md]]
]]>
</system-out>
</testcase>
<testcase name="Lecturer Authentication - Improved Tests › should show error toast for incorrect credentials" classname="improved-lecturer-auth.spec.ts" time="13.912">
<failure message="improved-lecturer-auth.spec.ts:41:3 should show error toast for incorrect credentials" type="FAILURE">
<![CDATA[  [chromium] › improved-lecturer-auth.spec.ts:41:3 › Lecturer Authentication - Improved Tests › should show error toast for incorrect credentials 

    TimeoutError: locator.waitFor: Timeout 10000ms exceeded.
    Call log:
      - waiting for getByLabel('Staff Email', { exact: true }) to be visible


       at utils\test-locators.ts:240

      238 |    */
      239 |   async safeFill(locator: Locator, value: string, timeout: number = 10000): Promise<void> {
    > 240 |     await locator.waitFor({ state: 'visible', timeout });
          |                   ^
      241 |     await locator.scrollIntoViewIfNeeded();
      242 |     await locator.clear();
      243 |     await locator.fill(value);
        at LecturerAuthPage.safeFill (D:\code\GitHub\Personal\BAS-Web\BAS\tests\utils\test-locators.ts:240:19)
        at D:\code\GitHub\Personal\BAS-Web\BAS\tests\improved-lecturer-auth.spec.ts:45:24

    attachment #1: screenshot (image/png) ──────────────────────────────────────────────────────────
    ..\test-results\improved-lecturer-auth-Lec-b10e1-t-for-incorrect-credentials-chromium\test-failed-1.png
    ────────────────────────────────────────────────────────────────────────────────────────────────

    attachment #2: video (video/webm) ──────────────────────────────────────────────────────────────
    ..\test-results\improved-lecturer-auth-Lec-b10e1-t-for-incorrect-credentials-chromium\video.webm
    ────────────────────────────────────────────────────────────────────────────────────────────────

    Error Context: ..\test-results\improved-lecturer-auth-Lec-b10e1-t-for-incorrect-credentials-chromium\error-context.md
]]>
</failure>
<system-out>
<![CDATA[
[[ATTACHMENT|test-results\improved-lecturer-auth-Lec-b10e1-t-for-incorrect-credentials-chromium\test-failed-1.png]]

[[ATTACHMENT|test-results\improved-lecturer-auth-Lec-b10e1-t-for-incorrect-credentials-chromium\video.webm]]

[[ATTACHMENT|test-results\improved-lecturer-auth-Lec-b10e1-t-for-incorrect-credentials-chromium\error-context.md]]
]]>
</system-out>
</testcase>
<testcase name="Lecturer Authentication - Improved Tests › should allow successful lecturer login" classname="improved-lecturer-auth.spec.ts" time="13.864">
<failure message="improved-lecturer-auth.spec.ts:59:3 should allow successful lecturer login" type="FAILURE">
<![CDATA[  [chromium] › improved-lecturer-auth.spec.ts:59:3 › Lecturer Authentication - Improved Tests › should allow successful lecturer login 

    TimeoutError: locator.waitFor: Timeout 10000ms exceeded.
    Call log:
      - waiting for getByLabel('Staff Email', { exact: true }) to be visible


       at utils\test-locators.ts:240

      238 |    */
      239 |   async safeFill(locator: Locator, value: string, timeout: number = 10000): Promise<void> {
    > 240 |     await locator.waitFor({ state: 'visible', timeout });
          |                   ^
      241 |     await locator.scrollIntoViewIfNeeded();
      242 |     await locator.clear();
      243 |     await locator.fill(value);
        at LecturerAuthPage.safeFill (D:\code\GitHub\Personal\BAS-Web\BAS\tests\utils\test-locators.ts:240:19)
        at LecturerAuthPage.loginAsLecturer (D:\code\GitHub\Personal\BAS-Web\BAS\tests\utils\test-locators.ts:334:16)
        at D:\code\GitHub\Personal\BAS-Web\BAS\tests\improved-lecturer-auth.spec.ts:64:5

    attachment #1: screenshot (image/png) ──────────────────────────────────────────────────────────
    ..\test-results\improved-lecturer-auth-Lec-72b01-w-successful-lecturer-login-chromium\test-failed-1.png
    ────────────────────────────────────────────────────────────────────────────────────────────────

    attachment #2: video (video/webm) ──────────────────────────────────────────────────────────────
    ..\test-results\improved-lecturer-auth-Lec-72b01-w-successful-lecturer-login-chromium\video.webm
    ────────────────────────────────────────────────────────────────────────────────────────────────

    Error Context: ..\test-results\improved-lecturer-auth-Lec-72b01-w-successful-lecturer-login-chromium\error-context.md
]]>
</failure>
<system-out>
<![CDATA[
[[ATTACHMENT|test-results\improved-lecturer-auth-Lec-72b01-w-successful-lecturer-login-chromium\test-failed-1.png]]

[[ATTACHMENT|test-results\improved-lecturer-auth-Lec-72b01-w-successful-lecturer-login-chromium\video.webm]]

[[ATTACHMENT|test-results\improved-lecturer-auth-Lec-72b01-w-successful-lecturer-login-chromium\error-context.md]]
]]>
</system-out>
</testcase>
<testcase name="Lecturer Authentication - Improved Tests › should handle form submission with Enter key" classname="improved-lecturer-auth.spec.ts" time="12.849">
<failure message="improved-lecturer-auth.spec.ts:73:3 should handle form submission with Enter key" type="FAILURE">
<![CDATA[  [chromium] › improved-lecturer-auth.spec.ts:73:3 › Lecturer Authentication - Improved Tests › should handle form submission with Enter key 

    TimeoutError: locator.waitFor: Timeout 10000ms exceeded.
    Call log:
      - waiting for getByLabel('Staff Email', { exact: true }) to be visible


       at utils\test-locators.ts:240

      238 |    */
      239 |   async safeFill(locator: Locator, value: string, timeout: number = 10000): Promise<void> {
    > 240 |     await locator.waitFor({ state: 'visible', timeout });
          |                   ^
      241 |     await locator.scrollIntoViewIfNeeded();
      242 |     await locator.clear();
      243 |     await locator.fill(value);
        at LecturerAuthPage.safeFill (D:\code\GitHub\Personal\BAS-Web\BAS\tests\utils\test-locators.ts:240:19)
        at D:\code\GitHub\Personal\BAS-Web\BAS\tests\improved-lecturer-auth.spec.ts:77:24

    attachment #1: screenshot (image/png) ──────────────────────────────────────────────────────────
    ..\test-results\improved-lecturer-auth-Lec-134a7-m-submission-with-Enter-key-chromium\test-failed-1.png
    ────────────────────────────────────────────────────────────────────────────────────────────────

    attachment #2: video (video/webm) ──────────────────────────────────────────────────────────────
    ..\test-results\improved-lecturer-auth-Lec-134a7-m-submission-with-Enter-key-chromium\video.webm
    ────────────────────────────────────────────────────────────────────────────────────────────────

    Error Context: ..\test-results\improved-lecturer-auth-Lec-134a7-m-submission-with-Enter-key-chromium\error-context.md
]]>
</failure>
<system-out>
<![CDATA[
[[ATTACHMENT|test-results\improved-lecturer-auth-Lec-134a7-m-submission-with-Enter-key-chromium\test-failed-1.png]]

[[ATTACHMENT|test-results\improved-lecturer-auth-Lec-134a7-m-submission-with-Enter-key-chromium\video.webm]]

[[ATTACHMENT|test-results\improved-lecturer-auth-Lec-134a7-m-submission-with-Enter-key-chromium\error-context.md]]
]]>
</system-out>
</testcase>
<testcase name="Lecturer Authentication - Improved Tests › should toggle password visibility" classname="improved-lecturer-auth.spec.ts" time="14.269">
<failure message="improved-lecturer-auth.spec.ts:87:3 should toggle password visibility" type="FAILURE">
<![CDATA[  [chromium] › improved-lecturer-auth.spec.ts:87:3 › Lecturer Authentication - Improved Tests › should toggle password visibility 

    TimeoutError: locator.waitFor: Timeout 10000ms exceeded.
    Call log:
      - waiting for locator('.password-toggle') to be visible


       at utils\test-locators.ts:231

      229 |    */
      230 |   async safeClick(locator: Locator, timeout: number = 10000): Promise<void> {
    > 231 |     await locator.waitFor({ state: 'visible', timeout });
          |                   ^
      232 |     await locator.scrollIntoViewIfNeeded();
      233 |     await locator.click({ timeout });
      234 |   }
        at LecturerAuthPage.safeClick (D:\code\GitHub\Personal\BAS-Web\BAS\tests\utils\test-locators.ts:231:19)
        at D:\code\GitHub\Personal\BAS-Web\BAS\tests\improved-lecturer-auth.spec.ts:97:24

    attachment #1: screenshot (image/png) ──────────────────────────────────────────────────────────
    ..\test-results\improved-lecturer-auth-Lec-43e3d--toggle-password-visibility-chromium\test-failed-1.png
    ────────────────────────────────────────────────────────────────────────────────────────────────

    attachment #2: video (video/webm) ──────────────────────────────────────────────────────────────
    ..\test-results\improved-lecturer-auth-Lec-43e3d--toggle-password-visibility-chromium\video.webm
    ────────────────────────────────────────────────────────────────────────────────────────────────

    Error Context: ..\test-results\improved-lecturer-auth-Lec-43e3d--toggle-password-visibility-chromium\error-context.md
]]>
</failure>
<system-out>
<![CDATA[
[[ATTACHMENT|test-results\improved-lecturer-auth-Lec-43e3d--toggle-password-visibility-chromium\test-failed-1.png]]

[[ATTACHMENT|test-results\improved-lecturer-auth-Lec-43e3d--toggle-password-visibility-chromium\video.webm]]

[[ATTACHMENT|test-results\improved-lecturer-auth-Lec-43e3d--toggle-password-visibility-chromium\error-context.md]]
]]>
</system-out>
</testcase>
<testcase name="Lecturer Authentication - Improved Tests › should handle remember me checkbox" classname="improved-lecturer-auth.spec.ts" time="8.197">
<failure message="improved-lecturer-auth.spec.ts:107:3 should handle remember me checkbox" type="FAILURE">
<![CDATA[  [chromium] › improved-lecturer-auth.spec.ts:107:3 › Lecturer Authentication - Improved Tests › should handle remember me checkbox 

    Error: expect(locator).not.toBeChecked() failed

    Locator: getByLabel('Remember me')
    Expected: not checked
    Timeout: 5000ms
    Error: element(s) not found

    Call log:
      - Expect "not toBeChecked" with timeout 5000ms
      - waiting for getByLabel('Remember me')


      111 |     
      112 |     // Initially unchecked
    > 113 |     await expect(rememberCheckbox).not.toBeChecked();
          |                                        ^
      114 |     
      115 |     // Check the checkbox
      116 |     await lecturerAuth.safeClick(rememberCheckbox);
        at D:\code\GitHub\Personal\BAS-Web\BAS\tests\improved-lecturer-auth.spec.ts:113:40

    attachment #1: screenshot (image/png) ──────────────────────────────────────────────────────────
    ..\test-results\improved-lecturer-auth-Lec-8b64e-handle-remember-me-checkbox-chromium\test-failed-1.png
    ────────────────────────────────────────────────────────────────────────────────────────────────

    attachment #2: video (video/webm) ──────────────────────────────────────────────────────────────
    ..\test-results\improved-lecturer-auth-Lec-8b64e-handle-remember-me-checkbox-chromium\video.webm
    ────────────────────────────────────────────────────────────────────────────────────────────────

    Error Context: ..\test-results\improved-lecturer-auth-Lec-8b64e-handle-remember-me-checkbox-chromium\error-context.md
]]>
</failure>
<system-out>
<![CDATA[
[[ATTACHMENT|test-results\improved-lecturer-auth-Lec-8b64e-handle-remember-me-checkbox-chromium\test-failed-1.png]]

[[ATTACHMENT|test-results\improved-lecturer-auth-Lec-8b64e-handle-remember-me-checkbox-chromium\video.webm]]

[[ATTACHMENT|test-results\improved-lecturer-auth-Lec-8b64e-handle-remember-me-checkbox-chromium\error-context.md]]
]]>
</system-out>
</testcase>
<testcase name="Lecturer Authentication - Improved Tests › should show loading state during login attempt" classname="improved-lecturer-auth.spec.ts" time="14.164">
<failure message="improved-lecturer-auth.spec.ts:124:3 should show loading state during login attempt" type="FAILURE">
<![CDATA[  [chromium] › improved-lecturer-auth.spec.ts:124:3 › Lecturer Authentication - Improved Tests › should show loading state during login attempt 

    TimeoutError: locator.waitFor: Timeout 10000ms exceeded.
    Call log:
      - waiting for getByLabel('Staff Email', { exact: true }) to be visible


       at utils\test-locators.ts:240

      238 |    */
      239 |   async safeFill(locator: Locator, value: string, timeout: number = 10000): Promise<void> {
    > 240 |     await locator.waitFor({ state: 'visible', timeout });
          |                   ^
      241 |     await locator.scrollIntoViewIfNeeded();
      242 |     await locator.clear();
      243 |     await locator.fill(value);
        at LecturerAuthPage.safeFill (D:\code\GitHub\Personal\BAS-Web\BAS\tests\utils\test-locators.ts:240:19)
        at D:\code\GitHub\Personal\BAS-Web\BAS\tests\improved-lecturer-auth.spec.ts:128:24

    attachment #1: screenshot (image/png) ──────────────────────────────────────────────────────────
    ..\test-results\improved-lecturer-auth-Lec-e4998--state-during-login-attempt-chromium\test-failed-1.png
    ────────────────────────────────────────────────────────────────────────────────────────────────

    attachment #2: video (video/webm) ──────────────────────────────────────────────────────────────
    ..\test-results\improved-lecturer-auth-Lec-e4998--state-during-login-attempt-chromium\video.webm
    ────────────────────────────────────────────────────────────────────────────────────────────────

    Error Context: ..\test-results\improved-lecturer-auth-Lec-e4998--state-during-login-attempt-chromium\error-context.md
]]>
</failure>
<system-out>
<![CDATA[
[[ATTACHMENT|test-results\improved-lecturer-auth-Lec-e4998--state-during-login-attempt-chromium\test-failed-1.png]]

[[ATTACHMENT|test-results\improved-lecturer-auth-Lec-e4998--state-during-login-attempt-chromium\video.webm]]

[[ATTACHMENT|test-results\improved-lecturer-auth-Lec-e4998--state-during-login-attempt-chromium\error-context.md]]
]]>
</system-out>
</testcase>
<testcase name="Lecturer Authentication - Improved Tests › should clear form after failed login" classname="improved-lecturer-auth.spec.ts" time="13.017">
<failure message="improved-lecturer-auth.spec.ts:138:3 should clear form after failed login" type="FAILURE">
<![CDATA[  [chromium] › improved-lecturer-auth.spec.ts:138:3 › Lecturer Authentication - Improved Tests › should clear form after failed login 

    TimeoutError: locator.waitFor: Timeout 10000ms exceeded.
    Call log:
      - waiting for getByLabel('Staff Email', { exact: true }) to be visible


       at utils\test-locators.ts:240

      238 |    */
      239 |   async safeFill(locator: Locator, value: string, timeout: number = 10000): Promise<void> {
    > 240 |     await locator.waitFor({ state: 'visible', timeout });
          |                   ^
      241 |     await locator.scrollIntoViewIfNeeded();
      242 |     await locator.clear();
      243 |     await locator.fill(value);
        at LecturerAuthPage.safeFill (D:\code\GitHub\Personal\BAS-Web\BAS\tests\utils\test-locators.ts:240:19)
        at D:\code\GitHub\Personal\BAS-Web\BAS\tests\improved-lecturer-auth.spec.ts:142:24

    attachment #1: screenshot (image/png) ──────────────────────────────────────────────────────────
    ..\test-results\improved-lecturer-auth-Lec-a7cf2-ear-form-after-failed-login-chromium\test-failed-1.png
    ────────────────────────────────────────────────────────────────────────────────────────────────

    attachment #2: video (video/webm) ──────────────────────────────────────────────────────────────
    ..\test-results\improved-lecturer-auth-Lec-a7cf2-ear-form-after-failed-login-chromium\video.webm
    ────────────────────────────────────────────────────────────────────────────────────────────────

    Error Context: ..\test-results\improved-lecturer-auth-Lec-a7cf2-ear-form-after-failed-login-chromium\error-context.md
]]>
</failure>
<system-out>
<![CDATA[
[[ATTACHMENT|test-results\improved-lecturer-auth-Lec-a7cf2-ear-form-after-failed-login-chromium\test-failed-1.png]]

[[ATTACHMENT|test-results\improved-lecturer-auth-Lec-a7cf2-ear-form-after-failed-login-chromium\video.webm]]

[[ATTACHMENT|test-results\improved-lecturer-auth-Lec-a7cf2-ear-form-after-failed-login-chromium\error-context.md]]
]]>
</system-out>
</testcase>
<testcase name="Lecturer Authentication - Improved Tests › should handle network errors gracefully" classname="improved-lecturer-auth.spec.ts" time="12.747">
<failure message="improved-lecturer-auth.spec.ts:160:3 should handle network errors gracefully" type="FAILURE">
<![CDATA[  [chromium] › improved-lecturer-auth.spec.ts:160:3 › Lecturer Authentication - Improved Tests › should handle network errors gracefully 

    TimeoutError: locator.waitFor: Timeout 10000ms exceeded.
    Call log:
      - waiting for getByLabel('Staff Email', { exact: true }) to be visible


[...]

[[ATTACHMENT|test-results\migrated-student-auth-Stud-8fd9d--toggle-password-visibility-chromium\error-context.md]]
]]>
</system-out>
</testcase>
<testcase name="Student Authentication - Migrated &amp; Enhanced › Student Login Flow › should handle remember me checkbox" classname="migrated-student-auth.spec.ts" time="7.532">
<failure message="migrated-student-auth.spec.ts:200:5 should handle remember me checkbox" type="FAILURE">
<![CDATA[  [chromium] › migrated-student-auth.spec.ts:200:5 › Student Authentication - Migrated & Enhanced › Student Login Flow › should handle remember me checkbox 

    Error: expect(locator).not.toBeChecked() failed

    Locator: getByLabel('Remember me')
    Expected: not checked
    Timeout: 5000ms
    Error: element(s) not found

    Call log:
      - Expect "not toBeChecked" with timeout 5000ms
      - waiting for getByLabel('Remember me')


      204 |       
      205 |       // Initially unchecked
    > 206 |       await expect(rememberCheckbox).not.toBeChecked();
          |                                          ^
      207 |       
      208 |       // Check the checkbox
      209 |       await studentAuth.safeClick(rememberCheckbox);
        at D:\code\GitHub\Personal\BAS-Web\BAS\tests\migrated-student-auth.spec.ts:206:42

    attachment #1: screenshot (image/png) ──────────────────────────────────────────────────────────
    ..\test-results\migrated-student-auth-Stud-cb380-handle-remember-me-checkbox-chromium\test-failed-1.png
    ────────────────────────────────────────────────────────────────────────────────────────────────

    attachment #2: video (video/webm) ──────────────────────────────────────────────────────────────
    ..\test-results\migrated-student-auth-Stud-cb380-handle-remember-me-checkbox-chromium\video.webm
    ────────────────────────────────────────────────────────────────────────────────────────────────

    Error Context: ..\test-results\migrated-student-auth-Stud-cb380-handle-remember-me-checkbox-chromium\error-context.md
]]>
</failure>
<system-out>
<![CDATA[
[[ATTACHMENT|test-results\migrated-student-auth-Stud-cb380-handle-remember-me-checkbox-chromium\test-failed-1.png]]

[[ATTACHMENT|test-results\migrated-student-auth-Stud-cb380-handle-remember-me-checkbox-chromium\video.webm]]

[[ATTACHMENT|test-results\migrated-student-auth-Stud-cb380-handle-remember-me-checkbox-chromium\error-context.md]]
]]>
</system-out>
</testcase>
<testcase name="Student Authentication - Migrated &amp; Enhanced › Student Login Flow › should navigate to forgot password page" classname="migrated-student-auth.spec.ts" time="3.154">
</testcase>
<testcase name="Student Authentication - Migrated &amp; Enhanced › Student Login Flow › should navigate to lecturer login portal" classname="migrated-student-auth.spec.ts" time="12.577">
<failure message="migrated-student-auth.spec.ts:227:5 should navigate to lecturer login portal" type="FAILURE">
<![CDATA[  [chromium] › migrated-student-auth.spec.ts:227:5 › Student Authentication - Migrated & Enhanced › Student Login Flow › should navigate to lecturer login portal 

    TimeoutError: locator.waitFor: Timeout 10000ms exceeded.
    Call log:
      - waiting for getByRole('link', { name: 'Lecturer Portal' }) to be visible


       at utils\test-locators.ts:231

      229 |    */
      230 |   async safeClick(locator: Locator, timeout: number = 10000): Promise<void> {
    > 231 |     await locator.waitFor({ state: 'visible', timeout });
          |                   ^
      232 |     await locator.scrollIntoViewIfNeeded();
      233 |     await locator.click({ timeout });
      234 |   }
        at StudentAuthPage.safeClick (D:\code\GitHub\Personal\BAS-Web\BAS\tests\utils\test-locators.ts:231:19)
        at D:\code\GitHub\Personal\BAS-Web\BAS\tests\migrated-student-auth.spec.ts:231:25

    attachment #1: screenshot (image/png) ──────────────────────────────────────────────────────────
    ..\test-results\migrated-student-auth-Stud-a0003-te-to-lecturer-login-portal-chromium\test-failed-1.png
    ────────────────────────────────────────────────────────────────────────────────────────────────

    attachment #2: video (video/webm) ──────────────────────────────────────────────────────────────
    ..\test-results\migrated-student-auth-Stud-a0003-te-to-lecturer-login-portal-chromium\video.webm
    ────────────────────────────────────────────────────────────────────────────────────────────────

    Error Context: ..\test-results\migrated-student-auth-Stud-a0003-te-to-lecturer-login-portal-chromium\error-context.md
]]>
</failure>
<system-out>
<![CDATA[
[[ATTACHMENT|test-results\migrated-student-auth-Stud-a0003-te-to-lecturer-login-portal-chromium\test-failed-1.png]]

[[ATTACHMENT|test-results\migrated-student-auth-Stud-a0003-te-to-lecturer-login-portal-chromium\video.webm]]

[[ATTACHMENT|test-results\migrated-student-auth-Stud-a0003-te-to-lecturer-login-portal-chromium\error-context.md]]
]]>
</system-out>
</testcase>
<testcase name="Student Authentication - Migrated &amp; Enhanced › Complete Authentication Flow › should complete full signup to login flow" classname="migrated-student-auth.spec.ts" time="12.723">
<failure message="migrated-student-auth.spec.ts:239:5 should complete full signup to login flow" type="FAILURE">
<![CDATA[  [chromium] › migrated-student-auth.spec.ts:239:5 › Student Authentication - Migrated & Enhanced › Complete Authentication Flow › should complete full signup to login flow › Complete signup process 

    TimeoutError: locator.waitFor: Timeout 10000ms exceeded.
    Call log:
      - waiting for getByLabel('Student ID Number', { exact: true }) to be visible


       at utils\test-locators.ts:240

      238 |    */
      239 |   async safeFill(locator: Locator, value: string, timeout: number = 10000): Promise<void> {
    > 240 |     await locator.waitFor({ state: 'visible', timeout });
          |                   ^
      241 |     await locator.scrollIntoViewIfNeeded();
      242 |     await locator.clear();
      243 |     await locator.fill(value);
        at StudentAuthPage.safeFill (D:\code\GitHub\Personal\BAS-Web\BAS\tests\utils\test-locators.ts:240:19)
        at D:\code\GitHub\Personal\BAS-Web\BAS\tests\migrated-student-auth.spec.ts:248:27
        at D:\code\GitHub\Personal\BAS-Web\BAS\tests\migrated-student-auth.spec.ts:242:7

    attachment #1: screenshot (image/png) ──────────────────────────────────────────────────────────
    ..\test-results\migrated-student-auth-Stud-a154b-e-full-signup-to-login-flow-chromium\test-failed-1.png
    ────────────────────────────────────────────────────────────────────────────────────────────────

    attachment #2: video (video/webm) ──────────────────────────────────────────────────────────────
    ..\test-results\migrated-student-auth-Stud-a154b-e-full-signup-to-login-flow-chromium\video.webm
    ────────────────────────────────────────────────────────────────────────────────────────────────

    Error Context: ..\test-results\migrated-student-auth-Stud-a154b-e-full-signup-to-login-flow-chromium\error-context.md
]]>
</failure>
<system-out>
<![CDATA[
[[ATTACHMENT|test-results\migrated-student-auth-Stud-a154b-e-full-signup-to-login-flow-chromium\test-failed-1.png]]

[[ATTACHMENT|test-results\migrated-student-auth-Stud-a154b-e-full-signup-to-login-flow-chromium\video.webm]]

[[ATTACHMENT|test-results\migrated-student-auth-Stud-a154b-e-full-signup-to-login-flow-chromium\error-context.md]]
]]>
</system-out>
</testcase>
<testcase name="Student Authentication - Migrated &amp; Enhanced › Error Handling &amp; Edge Cases › should handle network errors gracefully" classname="migrated-student-auth.spec.ts" time="12.511">
<failure message="migrated-student-auth.spec.ts:279:5 should handle network errors gracefully" type="FAILURE">
<![CDATA[  [chromium] › migrated-student-auth.spec.ts:279:5 › Student Authentication - Migrated & Enhanced › Error Handling & Edge Cases › should handle network errors gracefully 

    TimeoutError: locator.waitFor: Timeout 10000ms exceeded.
    Call log:
      - waiting for getByLabel('Student Email', { exact: true }) to be visible


       at utils\test-locators.ts:240

      238 |    */
      239 |   async safeFill(locator: Locator, value: string, timeout: number = 10000): Promise<void> {
    > 240 |     await locator.waitFor({ state: 'visible', timeout });
          |                   ^
      241 |     await locator.scrollIntoViewIfNeeded();
      242 |     await locator.clear();
      243 |     await locator.fill(value);
        at StudentAuthPage.safeFill (D:\code\GitHub\Personal\BAS-Web\BAS\tests\utils\test-locators.ts:240:19)
        at D:\code\GitHub\Personal\BAS-Web\BAS\tests\migrated-student-auth.spec.ts:283:25

    attachment #1: screenshot (image/png) ──────────────────────────────────────────────────────────
    ..\test-results\migrated-student-auth-Stud-8860c-e-network-errors-gracefully-chromium\test-failed-1.png
    ────────────────────────────────────────────────────────────────────────────────────────────────

    attachment #2: video (video/webm) ──────────────────────────────────────────────────────────────
    ..\test-results\migrated-student-auth-Stud-8860c-e-network-errors-gracefully-chromium\video.webm
    ────────────────────────────────────────────────────────────────────────────────────────────────

    Error Context: ..\test-results\migrated-student-auth-Stud-8860c-e-network-errors-gracefully-chromium\error-context.md
]]>
</failure>
<system-out>
<![CDATA[
[[ATTACHMENT|test-results\migrated-student-auth-Stud-8860c-e-network-errors-gracefully-chromium\test-failed-1.png]]

[[ATTACHMENT|test-results\migrated-student-auth-Stud-8860c-e-network-errors-gracefully-chromium\video.webm]]

[[ATTACHMENT|test-results\migrated-student-auth-Stud-8860c-e-network-errors-gracefully-chromium\error-context.md]]
]]>
</system-out>
</testcase>
<testcase name="Student Authentication - Migrated &amp; Enhanced › Error Handling &amp; Edge Cases › should handle form submission with Enter key" classname="migrated-student-auth.spec.ts" time="12.26">
<failure message="migrated-student-auth.spec.ts:300:5 should handle form submission with Enter key" type="FAILURE">
<![CDATA[  [chromium] › migrated-student-auth.spec.ts:300:5 › Student Authentication - Migrated & Enhanced › Error Handling & Edge Cases › should handle form submission with Enter key 

    TimeoutError: locator.waitFor: Timeout 10000ms exceeded.
    Call log:
      - waiting for getByLabel('Student Email', { exact: true }) to be visible


       at utils\test-locators.ts:240

      238 |    */
      239 |   async safeFill(locator: Locator, value: string, timeout: number = 10000): Promise<void> {
    > 240 |     await locator.waitFor({ state: 'visible', timeout });
          |                   ^
      241 |     await locator.scrollIntoViewIfNeeded();
      242 |     await locator.clear();
      243 |     await locator.fill(value);
        at StudentAuthPage.safeFill (D:\code\GitHub\Personal\BAS-Web\BAS\tests\utils\test-locators.ts:240:19)
        at D:\code\GitHub\Personal\BAS-Web\BAS\tests\migrated-student-auth.spec.ts:304:25

    attachment #1: screenshot (image/png) ──────────────────────────────────────────────────────────
    ..\test-results\migrated-student-auth-Stud-ed5bd-m-submission-with-Enter-key-chromium\test-failed-1.png
    ────────────────────────────────────────────────────────────────────────────────────────────────

    attachment #2: video (video/webm) ──────────────────────────────────────────────────────────────
    ..\test-results\migrated-student-auth-Stud-ed5bd-m-submission-with-Enter-key-chromium\video.webm
    ────────────────────────────────────────────────────────────────────────────────────────────────

    Error Context: ..\test-results\migrated-student-auth-Stud-ed5bd-m-submission-with-Enter-key-chromium\error-context.md
]]>
</failure>
<system-out>
<![CDATA[
[[ATTACHMENT|test-results\migrated-student-auth-Stud-ed5bd-m-submission-with-Enter-key-chromium\test-failed-1.png]]

[[ATTACHMENT|test-results\migrated-student-auth-Stud-ed5bd-m-submission-with-Enter-key-chromium\video.webm]]

[[ATTACHMENT|test-results\migrated-student-auth-Stud-ed5bd-m-submission-with-Enter-key-chromium\error-context.md]]
]]>
</system-out>
</testcase>
<testcase name="Student Authentication - Migrated &amp; Enhanced › Error Handling &amp; Edge Cases › should clear form after failed login" classname="migrated-student-auth.spec.ts" time="12.379">
<failure message="migrated-student-auth.spec.ts:314:5 should clear form after failed login" type="FAILURE">
<![CDATA[  [chromium] › migrated-student-auth.spec.ts:314:5 › Student Authentication - Migrated & Enhanced › Error Handling & Edge Cases › should clear form after failed login 

    TimeoutError: locator.waitFor: Timeout 10000ms exceeded.
    Call log:
      - waiting for getByLabel('Student Email', { exact: true }) to be visible


       at utils\test-locators.ts:240

      238 |    */
      239 |   async safeFill(locator: Locator, value: string, timeout: number = 10000): Promise<void> {
    > 240 |     await locator.waitFor({ state: 'visible', timeout });
          |                   ^
      241 |     await locator.scrollIntoViewIfNeeded();
      242 |     await locator.clear();
      243 |     await locator.fill(value);
        at StudentAuthPage.safeFill (D:\code\GitHub\Personal\BAS-Web\BAS\tests\utils\test-locators.ts:240:19)
        at D:\code\GitHub\Personal\BAS-Web\BAS\tests\migrated-student-auth.spec.ts:318:25

    attachment #1: screenshot (image/png) ──────────────────────────────────────────────────────────
    ..\test-results\migrated-student-auth-Stud-4389c-ear-form-after-failed-login-chromium\test-failed-1.png
    ────────────────────────────────────────────────────────────────────────────────────────────────

    attachment #2: video (video/webm) ──────────────────────────────────────────────────────────────
    ..\test-results\migrated-student-auth-Stud-4389c-ear-form-after-failed-login-chromium\video.webm
    ────────────────────────────────────────────────────────────────────────────────────────────────

    Error Context: ..\test-results\migrated-student-auth-Stud-4389c-ear-form-after-failed-login-chromium\error-context.md
]]>
</failure>
<system-out>
<![CDATA[
[[ATTACHMENT|test-results\migrated-student-auth-Stud-4389c-ear-form-after-failed-login-chromium\test-failed-1.png]]

[[ATTACHMENT|test-results\migrated-student-auth-Stud-4389c-ear-form-after-failed-login-chromium\video.webm]]

[[ATTACHMENT|test-results\migrated-student-auth-Stud-4389c-ear-form-after-failed-login-chromium\error-context.md]]
]]>
</system-out>
</testcase>
<testcase name="Student Authentication - Migrated &amp; Enhanced › Mobile Responsiveness › should work correctly on mobile devices" classname="migrated-student-auth.spec.ts" time="6.683">
<failure message="migrated-student-auth.spec.ts:338:5 should work correctly on mobile devices" type="FAILURE">
<![CDATA[  [chromium] › migrated-student-auth.spec.ts:338:5 › Student Authentication - Migrated & Enhanced › Mobile Responsiveness › should work correctly on mobile devices 

    Error: expect(locator).toBeVisible() failed

    Locator: getByLabel('Student Email', { exact: true })
    Expected: visible
    Timeout: 5000ms
    Error: element(s) not found

    Call log:
      - Expect "toBeVisible" with timeout 5000ms
      - waiting for getByLabel('Student Email', { exact: true })


      343 |       
      344 |       // Verify mobile layout
    > 345 |       await expect(studentAuth.studentLoginEmail).toBeVisible();
          |                                                   ^
      346 |       await expect(studentAuth.studentLoginPassword).toBeVisible();
      347 |       await expect(studentAuth.studentLoginSubmitButton).toBeVisible();
      348 |       
        at D:\code\GitHub\Personal\BAS-Web\BAS\tests\migrated-student-auth.spec.ts:345:51

    attachment #1: screenshot (image/png) ──────────────────────────────────────────────────────────
    ..\test-results\migrated-student-auth-Stud-d1946-correctly-on-mobile-devices-chromium\test-failed-1.png
    ────────────────────────────────────────────────────────────────────────────────────────────────

    attachment #2: video (video/webm) ──────────────────────────────────────────────────────────────
    ..\test-results\migrated-student-auth-Stud-d1946-correctly-on-mobile-devices-chromium\video.webm
    ────────────────────────────────────────────────────────────────────────────────────────────────

    Error Context: ..\test-results\migrated-student-auth-Stud-d1946-correctly-on-mobile-devices-chromium\error-context.md
]]>
</failure>
<system-out>
<![CDATA[
[[ATTACHMENT|test-results\migrated-student-auth-Stud-d1946-correctly-on-mobile-devices-chromium\test-failed-1.png]]

[[ATTACHMENT|test-results\migrated-student-auth-Stud-d1946-correctly-on-mobile-devices-chromium\video.webm]]

[[ATTACHMENT|test-results\migrated-student-auth-Stud-d1946-correctly-on-mobile-devices-chromium\error-context.md]]
]]>
</system-out>
</testcase>
</testsuite>
<testsuite name="student-signup-and-login.spec.ts" timestamp="2026-05-30T17:30:01.502Z" hostname="chromium" tests="1" failures="1" skipped="0" time="11.744" errors="0">
<testcase name="Student Signup and Login Flow › should allow a new student to sign up and then log in" classname="student-signup-and-login.spec.ts" time="11.744">
<failure message="student-signup-and-login.spec.ts:12:3 should allow a new student to sign up and then log in" type="FAILURE">
<![CDATA[  [chromium] › student-signup-and-login.spec.ts:12:3 › Student Signup and Login Flow › should allow a new student to sign up and then log in › Signup as a new student 

    TimeoutError: locator.fill: Timeout 10000ms exceeded.
    Call log:
      - waiting for locator('.input-group-v2:has(label:has-text("First Name")) input')


      15 |       await page.goto('/student-signup');
      16 |
    > 17 |       await page.locator('.input-group-v2:has(label:has-text("First Name")) input').fill(testFirstName);
         |                                                                                     ^
      18 |       await page.locator('.input-group-v2:has(label:has-text("Last Name")) input').fill(testLastName);
      19 |       await page.locator('.input-group-v2:has(label:has-text("Student ID Number")) input').fill(testStudentId);
      20 |       await page.locator('.input-group-v2:has(label:has-text("University Email")) input').fill(testEmail);
        at D:\code\GitHub\Personal\BAS-Web\BAS\tests\student-signup-and-login.spec.ts:17:85
        at D:\code\GitHub\Personal\BAS-Web\BAS\tests\student-signup-and-login.spec.ts:14:5

    attachment #1: screenshot (image/png) ──────────────────────────────────────────────────────────
    ..\test-results\student-signup-and-login-S-e9d9f--to-sign-up-and-then-log-in-chromium\test-failed-1.png
    ────────────────────────────────────────────────────────────────────────────────────────────────

    attachment #2: video (video/webm) ──────────────────────────────────────────────────────────────
    ..\test-results\student-signup-and-login-S-e9d9f--to-sign-up-and-then-log-in-chromium\video.webm
    ────────────────────────────────────────────────────────────────────────────────────────────────

    Error Context: ..\test-results\student-signup-and-login-S-e9d9f--to-sign-up-and-then-log-in-chromium\error-context.md
]]>
</failure>
<system-out>
<![CDATA[
[[ATTACHMENT|test-results\student-signup-and-login-S-e9d9f--to-sign-up-and-then-log-in-chromium\test-failed-1.png]]

[[ATTACHMENT|test-results\student-signup-and-login-S-e9d9f--to-sign-up-and-then-log-in-chromium\video.webm]]

[[ATTACHMENT|test-results\student-signup-and-login-S-e9d9f--to-sign-up-and-then-log-in-chromium\error-context.md]]
]]>
</system-out>
</testcase>
</testsuite>
</testsuites>